OSINTharvest v0.1
Author: Chimera Security

Initiating logging...
2013-10-29 13:14:47 - Initiating Download: https://zeustracker.abuse.ch/blocklist.php?download=domainblocklist,SRC1_Zeus_Domain.txt
2013-10-29 13:14:47 - Download Successful: SRC1_Zeus_Domain.txt
2013-10-29 13:14:48 - Initiating Download: https://zeustracker.abuse.ch/blocklist.php?download=ipblocklist,SRC1_Zeus_IP.txt
2013-10-29 13:14:48 - Download Successful: SRC1_Zeus_IP.txt
2013-10-29 13:14:49 - Initiating Download: https://palevotracker.abuse.ch/blocklists.php?download=ipblocklist,SRC2_Palevo_IP.txt
2013-10-29 13:14:49 - Download Successful: SRC2_Palevo_IP.txt
2013-10-29 13:14:49 - Initiating Download: https://palevotracker.abuse.ch/blocklists.php?download=domainblocklist,SRC2_Palevo_Domain.txt
2013-10-29 13:14:49 - Download Successful: SRC2_Palevo_Domain.txt
2013-10-29 13:14:49 - Initiating Download: http://www.malwaredomainlist.com/hostslist/hosts.txt,SRC3_MDL_Hosts.txt
2013-10-29 13:14:49 - Download Successful: SRC3_MDL_Hosts.txt
2013-10-29 13:14:50 - Initiating Download: http://mirror1.malwaredomains.com/files/domains.txt,SRC4_MD_Domains.txt
2013-10-29 13:14:50 - Download Successful: SRC4_MD_Domains.txt
2013-10-29 13:15:03 - Initiating Download: http://malc0de.com/bl/IP_Blacklist.txt,SRC5_Malc0de_IP.txt
2013-10-29 13:15:03 - Download Successful: SRC5_Malc0de_IP.txt
2013-10-29 13:15:03 - Initiating Download: http://cybercrime-tracker.net/all.php,SRC6_CyberCrime_Combi.txt
2013-10-29 13:15:03 - Download Successful: SRC6_CyberCrime_Combi.txt
2013-10-29 13:15:04 - Initiating Download: http://vxvault.siri-urz.net/URL_List.php,SRC7_VXvault_Combi.txt
2013-10-29 13:15:04 - Download Successful: SRC7_VXvault_Combi.txt
2013-10-29 13:15:04 - Initiating Download: http://www.nothink.org/blacklist/blacklist_malware_http.txt,SRC8_NoThink_URL.txt
2013-10-29 13:15:04 - Download Successful: SRC8_NoThink_URL.txt
2013-10-29 13:15:05 - Initiating Download: http://www.nothink.org/blacklist/blacklist_malware_dns.txt,SRC8_NoThink_DNS.txt
2013-10-29 13:15:05 - Download Successful: SRC8_NoThink_DNS.txt
2013-10-29 13:15:05 - Initiating Download: http://www.nothink.org/blacklist/blacklist_malware_irc.txt,SRC8_NoThink_IRC.txt
2013-10-29 13:15:05 - Download Successful: SRC8_NoThink_IRC.txt
2013-10-29 13:15:05 - Initiating Download: http://www.nothink.org/blacklist/blacklist_ssh_week.txt,SRC8_NoThink_SSH.txt
2013-10-29 13:15:05 - Download Successful: SRC8_NoThink_SSH.txt
2013-10-29 13:15:05 - Initiating Download: http://www.malware.com.br/cgi/submit?action=list,SRC9_MalPatrol_Domain.txt
2013-10-29 13:15:05 - Download Successful: SRC9_MalPatrol_Domain.txt
2013-10-29 13:15:06 - Initiating Download: https://spyeyetracker.abuse.ch/blocklist.php?download=domainblocklist,SRC10_SpyEye_Domain.txt
2013-10-29 13:15:06 - Download Successful: SRC10_SpyEye_Domain.txt
2013-10-29 13:15:08 - Initiating Download: https://spyeyetracker.abuse.ch/blocklist.php?download=ipblocklist,SRC10_SpyEye_IP.txt
2013-10-29 13:15:08 - Download Successful: SRC10_SpyEye_IP.txt
2013-10-29 13:15:09 - Initiating Download: http://torstatus.blutmagie.de/ip_list_all.php/Tor_ip_list_ALL.csv,SRC11_Tor_Relays.txt
2013-10-29 13:15:09 - Download Successful: SRC11_Tor_Relays.txt
2013-10-29 13:15:10 - Initiating Download: http://www.openbl.org/lists/base_all_ftp-only.txt,SRC12_OpenBL_FTP_IP.txt
2013-10-29 13:15:10 - Download Successful: SRC12_OpenBL_FTP_IP.txt
2013-10-29 13:15:10 - Initiating Download: http://www.openbl.org/lists/base_all_ssh-only.txt,SRC12_OpenBL_SSH_IP.txt
2013-10-29 13:15:10 - Download Successful: SRC12_OpenBL_SSH_IP.txt
2013-10-29 13:15:11 - Initiating Download: http://rules.emergingthreats.net/blockrules/compromised-ips.txt,SRC13_EmergingThreats_Compromised_IP.txt
2013-10-29 13:15:11 - Download Successful: SRC13_EmergingThreats_Compromised_IP.txt
2013-10-29 13:15:11 - Initiating Download: http://rules.emergingthreats.net/fwrules/emerging-Block-IPs.txt,SRC13_EmergingThreats_Blocklist_IP.txt
2013-10-29 13:15:11 - Download Successful: SRC13_EmergingThreats_Blocklist_IP.txt
2013-10-29 13:15:13 - Initiating Download: http://rules.emergingthreats.net/blockrules/rbn-malvertisers-ips.txt,SRC14_RBN_Malvertising_IP.txt
2013-10-29 13:15:13 - Download Successful: SRC14_RBN_Malvertising_IP.txt
2013-10-29 13:15:13 - Initiating Download: http://rules.emergingthreats.net/blockrules/rbn-ips.txt,SRC14_RBN_Blocklist_IP.txt2013-10-29 13:15:13 - Download Successful: SRC14_RBN_Blocklist_IP.txt